Start testing: May 23 21:14 Közép-európai nyári idõ
----------------------------------------------------------
1/1 Testing: IntegratorUnitTests
1/1 Test: IntegratorUnitTests
Command: "D:/Workset/polynomial_integral/build/IntegratorUnitTests.exe"
Directory: D:/Workset/polynomial_integral/build
"IntegratorUnitTests" start time: May 23 21:14 Közép-európai nyári idõ
Output:
----------------------------------------------------------
[==========] Running 4 tests from 1 test suite.
[----------] Global test environment set-up.
[----------] 4 tests from IntegratorTest
[ RUN      ] IntegratorTest.QuadraticPolynomial
Integral result: 13.3333
expected: 13.3333
[       OK ] IntegratorTest.QuadraticPolynomial (0 ms)
[ RUN      ] IntegratorTest.CubicPolynomial
Integral result: -10.6667
expected: -10.6667
[       OK ] IntegratorTest.CubicPolynomial (0 ms)
[ RUN      ] IntegratorTest.ConstantPolynomial
Integral result: 21
expected: 21
[       OK ] IntegratorTest.ConstantPolynomial (0 ms)
[ RUN      ] IntegratorTest.LongPolynomial
Integral result: 2.80027e+10
expected: 2.80027e+10
[       OK ] IntegratorTest.LongPolynomial (0 ms)
[----------] 4 tests from IntegratorTest (0 ms total)

[----------] Global test environment tear-down
[==========] 4 tests from 1 test suite ran. (0 ms total)
[  PASSED  ] 4 tests.
<end of output>
Test time =   0.22 sec
----------------------------------------------------------
Test Passed.
"IntegratorUnitTests" end time: May 23 21:14 Közép-európai nyári idõ
"IntegratorUnitTests" time elapsed: 00:00:00
----------------------------------------------------------

End testing: May 23 21:14 Közép-európai nyári idõ
